<?xml version="1.0" encoding="UTF-8"?>
<testsuite xmlns:xsi="http://www.w3.org/2001/XMLSchema-instance" xsi:noNamespaceSchemaLocation="https://maven.apache.org/surefire/maven-surefire-plugin/xsd/surefire-test-report.xsd" name="e2e.Genity.runner.runner" time="7.948" tests="6" errors="2" skipped="2" failures="0">
  <properties>
[...]
</properties>
  <testcase name="Given unsigned in user opens the genity url in chrome web browser" classname="| rajqa | g3n31ty123 |" time="0.001"/>
  <testcase name="When unsigned in user should be able to see the page" classname="| rajqa | g3n31ty123 |" time="0"/>
  <testcase name="Then unsigned in user should be able to enter &quot;rajqa&quot; and &quot;g3n31ty123&quot;" classname="| rajqa | g3n31ty123 |" time="0.005">
    <error type="java.lang.NullPointerException">java.lang.NullPointerException
</error>
  </testcase>
  <testcase name="| rajqa | g3n31ty123 |" classname="| rajqa | g3n31ty123 |" time="0.005">
    <error type="java.lang.NullPointerException">java.lang.NullPointerException
</error>
  </testcase>
  <testcase name="And unsigned in user submits the form" classname="| rajqa | g3n31ty123 |" time="0">
    <skipped/>
  </testcase>
  <testcase name="And unsigned in user closes the browser" classname="| rajqa | g3n31ty123 |" time="0">
    <skipped/>
  </testcase>
</testsuite>